build/app/intermediates/manifest_merge_blame_file/debug/manifest-merger-blame-debug-report.txt
1<?xml version="1.0" encoding="utf-8"?>
2<manifest xmlns:android="http://schemas.android.com/apk/res/android"
3    package="com.example.screen_of_enaya"
4    android:versionCode="1"
5    android:versionName="1.0.0" >
6
7    <uses-sdk
8        android:minSdkVersion="21"
9        android:targetSdkVersion="29" />
10    <!--
11         Flutter needs it to communicate with the running application
12         to allow setting breakpoints, to provide hot reload, etc.
13    -->
14    <uses-permission android:name="android.permission.INTERNET" />
14-->src\debug\AndroidManifest.xml:6:5-66
14-->src\debug\AndroidManifest.xml:6:22-64
15    <uses-permission android:name="android.permission.READ_EXTERNAL_STORAGE" />
15-->[:file_picker] AndroidManifest.xml:7:5-80
15-->[:file_picker] AndroidManifest.xml:7:22-77
16
17    <queries>
17-->[:file_picker] AndroidManifest.xml:9:5-15:15
18        <intent>
18-->[:file_picker] AndroidManifest.xml:10:9-14:18
19            <action android:name="android.intent.action.GET_CONTENT" />
19-->[:file_picker] AndroidManifest.xml:11:13-72
19-->[:file_picker] AndroidManifest.xml:11:21-69
20
21            <data android:mimeType="*/*" />
21-->[:file_picker] AndroidManifest.xml:13:13-44
21-->[:file_picker] AndroidManifest.xml:13:19-41
22        </intent>
23    </queries>
24
25    <uses-permission android:name="android.permission.CALL_PHONE" />
25-->[:flutter_phone_direct_caller] AndroidManifest.xml:9:5-69
25-->[:flutter_phone_direct_caller] AndroidManifest.xml:9:22-66
26
27    <uses-feature
27-->[:flutter_phone_direct_caller] AndroidManifest.xml:11:5-13:36
28        android:name="android.hardware.telephony"
28-->[:flutter_phone_direct_caller] AndroidManifest.xml:12:9-50
29        android:required="false" />
29-->[:flutter_phone_direct_caller] AndroidManifest.xml:13:9-33
30    <!--
31 io.flutter.app.FlutterApplication is an android.app.Application that
32         calls FlutterMain.startInitialization(this); in its onCreate method.
33         In most cases you can leave this as-is, but you if you want to provide
34         additional functionality it is fine to subclass or reimplement
35         FlutterApplication and put your custom class here. 
36          android:requestLegacyExternalStorage="true"
37    -->
38    <application
38-->src\main\AndroidManifest.xml:10:5-50:19
39        android:name="io.flutter.app.FlutterApplication"
39-->src\main\AndroidManifest.xml:12:9-57
40        android:appComponentFactory="androidx.core.app.CoreComponentFactory"
40-->[androidx.core:core:1.1.0] AndroidManifest.xml:24:18-86
41        android:debuggable="true"
42        android:icon="@mipmap/ic_launcher"
42-->src\main\AndroidManifest.xml:14:9-43
43        android:label="screen_of_enaya"
43-->src\main\AndroidManifest.xml:13:9-40
44        android:requestLegacyExternalStorage="true" >
44-->src\main\AndroidManifest.xml:11:9-52
45        <activity
45-->src\main\AndroidManifest.xml:15:9-43:20
46            android:name="com.example.screen_of_enaya.MainActivity"
46-->src\main\AndroidManifest.xml:16:13-41
47            android:configChanges="orientation|keyboardHidden|keyboard|screenSize|smallestScreenSize|locale|layoutDirection|fontScale|screenLayout|density|uiMode"
47-->src\main\AndroidManifest.xml:19:13-163
48            android:hardwareAccelerated="true"
48-->src\main\AndroidManifest.xml:20:13-47
49            android:launchMode="singleTop"
49-->src\main\AndroidManifest.xml:17:13-43
50            android:theme="@style/LaunchTheme"
50-->src\main\AndroidManifest.xml:18:13-47
51            android:windowSoftInputMode="adjustResize" >
51-->src\main\AndroidManifest.xml:21:13-55
52
53            <!--
54                 Specifies an Android theme to apply to this Activity as soon as
55                 the Android process has started. This theme is visible to the user
56                 while the Flutter UI initializes. After that, this theme continues
57                 to determine the Window background behind the Flutter UI.
58            -->
59            <meta-data
59-->src\main\AndroidManifest.xml:26:13-29:17
60                android:name="io.flutter.embedding.android.NormalTheme"
60-->src\main\AndroidManifest.xml:27:15-70
61                android:resource="@style/NormalTheme" />
61-->src\main\AndroidManifest.xml:28:15-52
62            <!--
63                 Displays an Android View that continues showing the launch screen
64                 Drawable until Flutter paints its first frame, then this splash
65                 screen fades out. A splash screen is useful to avoid any visual
66                 gap between the end of Android's launch screen and the painting of
67                 Flutter's first frame.
68            -->
69            <meta-data
69-->src\main\AndroidManifest.xml:35:13-38:17
70                android:name="io.flutter.embedding.android.SplashScreenDrawable"
70-->src\main\AndroidManifest.xml:36:15-79
71                android:resource="@drawable/launch_background" />
71-->src\main\AndroidManifest.xml:37:15-61
72
73            <intent-filter>
73-->src\main\AndroidManifest.xml:39:13-42:29
74                <action android:name="android.intent.action.MAIN" />
74-->src\main\AndroidManifest.xml:40:17-68
74-->src\main\AndroidManifest.xml:40:25-66
75
76                <category android:name="android.intent.category.LAUNCHER" />
76-->src\main\AndroidManifest.xml:41:17-76
76-->src\main\AndroidManifest.xml:41:27-74
77            </intent-filter>
78        </activity>
79        <!--
80             Don't delete the meta-data below.
81             This is used by the Flutter tool to generate GeneratedPluginRegistrant.java
82        -->
83        <meta-data
83-->src\main\AndroidManifest.xml:46:9-48:33
84            android:name="flutterEmbedding"
84-->src\main\AndroidManifest.xml:47:13-44
85            android:value="2" />
85-->src\main\AndroidManifest.xml:48:13-30
86
87        <provider
87-->[:image_picker] AndroidManifest.xml:8:9-16:20
88            android:name="io.flutter.plugins.imagepicker.ImagePickerFileProvider"
88-->[:image_picker] AndroidManifest.xml:9:13-82
89            android:authorities="com.example.screen_of_enaya.flutter.image_provider"
89-->[:image_picker] AndroidManifest.xml:10:13-74
90            android:exported="false"
90-->[:image_picker] AndroidManifest.xml:11:13-37
91            android:grantUriPermissions="true" >
91-->[:image_picker] AndroidManifest.xml:12:13-47
92            <meta-data
92-->[:image_picker] AndroidManifest.xml:13:13-15:75
93                android:name="android.support.FILE_PROVIDER_PATHS"
93-->[:image_picker] AndroidManifest.xml:14:17-67
94                android:resource="@xml/flutter_image_picker_file_paths" />
94-->[:image_picker] AndroidManifest.xml:15:17-72
95        </provider>
96    </application>
97
98</manifest>